Log file open, 05/07/20 11:46:46
LogWindows: Failed to load 'aqProf.dll' (GetLastError=126)
LogWindows: File 'aqProf.dll' does not exist
LogWindows: Failed to load 'VtuneApi.dll' (GetLastError=126)
LogWindows: File 'VtuneApi.dll' does not exist
LogWindows: Failed to load 'VtuneApi32e.dll' (GetLastError=126)
LogWindows: File 'VtuneApi32e.dll' does not exist
LogConsoleResponse: Display: Failed to find resolution value strings in scalability ini. Falling back to default.
LogInit: Display: Running engine for game: MyProject2
LogPakFile: Registered encryption key '00000000000000000000000000000000': 0 pak files mounted, 0 remain pending
LogPlatformFile: Not using cached read wrapper
LogTaskGraph: Started task graph with 5 named threads and 20 total threads with 3 sets of task threads.
LogStats: Stats thread started at 0.227336
LogD3D11RHI: Loaded GFSDK_Aftermath_Lib.x64.dll
LogICUInternationalization: ICU TimeZone Detection - Raw Offset: +0:00, Platform Override: ''
LogPluginManager: Mounting plugin Paper2D
LogPluginManager: Mounting plugin AISupport
LogPluginManager: Mounting plugin LightPropagationVolume
LogPluginManager: Mounting plugin ActorLayerUtilities
LogPluginManager: Mounting plugin CLionSourceCodeAccess
LogPluginManager: Mounting plugin CodeLiteSourceCodeAccess
LogPluginManager: Mounting plugin GitSourceControl
LogPluginManager: Mounting plugin KDevelopSourceCodeAccess
LogPluginManager: Mounting plugin NullSourceCodeAccess
LogPluginManager: Mounting plugin PerforceSourceControl
LogPluginManager: Mounting plugin SubversionSourceControl
LogPluginManager: Mounting plugin UObjectPlugin
LogPluginManager: Mounting plugin VisualStudioCodeSourceCodeAccess
LogPluginManager: Mounting plugin VisualStudioSourceCodeAccess
LogPluginManager: Mounting plugin XCodeSourceCodeAccess
LogPluginManager: Mounting plugin AssetManagerEditor
LogPluginManager: Mounting plugin CryptoKeys
LogPluginManager: Mounting plugin DataValidation
LogPluginManager: Mounting plugin FacialAnimation
LogPluginManager: Mounting plugin GameplayTagsEditor
LogPluginManager: Mounting plugin MacGraphicsSwitching
LogPluginManager: Mounting plugin MeshEditor
LogPluginManager: Mounting plugin MobileLauncherProfileWizard
LogPluginManager: Mounting plugin PluginBrowser
LogPluginManager: Mounting plugin SpeedTreeImporter
LogPluginManager: Mounting plugin DatasmithContent
LogPluginManager: Mounting plugin VariantManagerContent
LogPluginManager: Mounting plugin AlembicImporter
LogPluginManager: Mounting plugin AppleImageUtils
LogPluginManager: Mounting plugin AppleVision
LogPluginManager: Mounting plugin BackChannel
LogPluginManager: Mounting plugin CharacterAI
LogPluginManager: Mounting plugin GeometryCache
LogPluginManager: Mounting plugin HTML5Networking
LogPluginManager: Mounting plugin ProxyLODPlugin
LogPluginManager: Mounting plugin MagicLeap
LogPluginManager: Mounting plugin MagicLeapMedia
LogPluginManager: Mounting plugin Substance
LogPluginManager: Mounting plugin AndroidMedia
LogPluginManager: Mounting plugin AvfMedia
LogPluginManager: Mounting plugin ImgMedia
LogPluginManager: Mounting plugin LinearTimecode
LogPluginManager: Mounting plugin MediaCompositing
LogPluginManager: Mounting plugin MediaPlayerEditor
LogPluginManager: Mounting plugin WebMMedia
LogPluginManager: Mounting plugin WmfMedia
LogPluginManager: Mounting plugin TcpMessaging
LogPluginManager: Mounting plugin UdpMessaging
LogPluginManager: Mounting plugin ActorSequence
LogPluginManager: Mounting plugin LevelSequenceEditor
LogPluginManager: Mounting plugin MatineeToLevelSequence
LogPluginManager: Mounting plugin NetcodeUnitTest
LogPluginManager: Mounting plugin NUTUnrealEngine4
LogPluginManager: Mounting plugin OnlineSubsystemGooglePlay
LogPluginManager: Mounting plugin OnlineSubsystemIOS
LogPluginManager: Mounting plugin OnlineSubsystem
LogPluginManager: Mounting plugin OnlineSubsystemNull
LogPluginManager: Mounting plugin OnlineSubsystemUtils
LogPluginManager: Mounting plugin LauncherChunkInstaller
LogPluginManager: Mounting plugin AndroidDeviceProfileSelector
LogPluginManager: Mounting plugin AndroidMoviePlayer
LogPluginManager: Mounting plugin AndroidPermission
LogPluginManager: Mounting plugin ApexDestruction
LogPluginManager: Mounting plugin AppleMoviePlayer
LogPluginManager: Mounting plugin ArchVisCharacter
LogPluginManager: Mounting plugin AudioCapture
LogPluginManager: Mounting plugin CableComponent
LogPluginManager: Mounting plugin CustomMeshComponent
LogPluginManager: Mounting plugin EditableMesh
LogPluginManager: Mounting plugin ExampleDeviceProfileSelector
LogPluginManager: Mounting plugin Firebase
LogPluginManager: Mounting plugin GoogleCloudMessaging
LogPluginManager: Mounting plugin IOSDeviceProfileSelector
LogPluginManager: Mounting plugin LinuxDeviceProfileSelector
LogPluginManager: Mounting plugin LocationServicesBPLibrary
LogPluginManager: Mounting plugin MobilePatchingUtils
LogPluginManager: Mounting plugin OculusVR
LogPluginManager: Mounting plugin PhysXVehicles
LogPluginManager: Mounting plugin ProceduralMeshComponent
LogPluginManager: Mounting plugin RuntimePhysXCooking
LogPluginManager: Mounting plugin SteamVR
LogPluginManager: Mounting plugin WebMMoviePlayer
LogPluginManager: Mounting plugin WindowsMoviePlayer
LogStreaming: Display: Took  0.059s to configure plugins.
LogInit: Using libcurl 7.55.1-DEV
LogInit:  - built for x86_64-pc-win32
LogInit:  - supports SSL with OpenSSL/1.0.2h
LogInit:  - supports HTTP deflate (compression) using libz 1.2.8
LogInit:  - other features:
LogInit:      CURL_VERSION_SSL
LogInit:      CURL_VERSION_LIBZ
LogInit:      CURL_VERSION_IPV6
LogInit:      CURL_VERSION_ASYNCHDNS
LogInit:      CURL_VERSION_LARGEFILE
LogInit:      CURL_VERSION_IDN
LogInit:  CurlRequestOptions (configurable via config and command line):
LogInit:  - bVerifyPeer = true  - Libcurl will verify peer certificate
LogInit:  - bUseHttpProxy = false  - Libcurl will NOT use HTTP proxy
LogInit:  - bDontReuseConnections = false  - Libcurl will reuse connections
LogInit:  - MaxHostConnections = 16  - Libcurl will limit the number of connections to a host
LogInit:  - LocalHostAddr = Default
LogInit:  - BufferSize = 65536
LogInit: WinSock: version 1.1 (2.2), MaxSocks=32767, MaxUdp=65467
LogInit: Build: ++UE4+Release-4.21-CL-4753647
LogInit: Engine Version: 4.21.2-4753647+++UE4+Release-4.21
LogInit: Compatible Engine Version: 4.21.0-4541578+++UE4+Release-4.21
LogInit: Net CL: 4541578
LogInit: OS: Windows 10 (), CPU: Intel(R) Core(TM) i5-9400F CPU @ 2.90GHz, GPU: NVIDIA GeForce RTX 2060
LogInit: Compiled (64-bit): Jan 19 2019 02:07:31
LogInit: Compiled with Visual C++: 19.13.26129.00
LogInit: Build Configuration: Development
LogInit: Branch Name: ++UE4+Release-4.21
LogInit: Command Line:  /Game/Levels/NewMenu -game -PIEVIACONSOLE -ResX=1280 -ResY=720 -Multiprocess -messaging -SessionName="Play in Standalone Game" -windowed
LogInit: Base Directory: D:/Games/UE_4.21/Engine/Binaries/Win64/
LogInit: Installed Engine Build: 1
LogDevObjectVersion: Number of dev versions registered: 22
LogDevObjectVersion:   Dev-Blueprints (B0D832E4-1F89-4F0D-ACCF-7EB736FD4AA2): 10
LogDevObjectVersion:   Dev-Build (E1C64328-A22C-4D53-A36C-8E866417BD8C): 0
LogDevObjectVersion:   Dev-Core (375EC13C-06E4-48FB-B500-84F0262A717E): 2
LogDevObjectVersion:   Dev-Editor (E4B068ED-F494-42E9-A231-DA0B2E46BB41): 26
LogDevObjectVersion:   Dev-Framework (CFFC743F-43B0-4480-9391-14DF171D2073): 34
LogDevObjectVersion:   Dev-Mobile (B02B49B5-BB20-44E9-A304-32B752E40360): 2
LogDevObjectVersion:   Dev-Networking (A4E4105C-59A1-49B5-A7C5-40C4547EDFEE): 0
LogDevObjectVersion:   Dev-Online (39C831C9-5AE6-47DC-9A44-9C173E1C8E7C): 0
LogDevObjectVersion:   Dev-Physics (78F01B33-EBEA-4F98-B9B4-84EACCB95AA2): 0
LogDevObjectVersion:   Dev-Platform (6631380F-2D4D-43E0-8009-CF276956A95A): 0
LogDevObjectVersion:   Dev-Rendering (12F88B9F-8875-4AFC-A67C-D90C383ABD29): 27
LogDevObjectVersion:   Dev-Sequencer (7B5AE74C-D270-4C10-A958-57980B212A5A): 9
LogDevObjectVersion:   Dev-VR (D7296918-1DD6-4BDD-9DE2-64A83CC13884): 2
LogDevObjectVersion:   Dev-LoadTimes (C2A15278-BFE7-4AFE-6C17-90FF531DF755): 1
LogDevObjectVersion:   Private-Geometry (6EACA3D4-40EC-4CC1-B786-8BED09428FC5): 3
LogDevObjectVersion:   Dev-AnimPhys (29E575DD-E0A3-4627-9D10-D276232CDCEA): 17
LogDevObjectVersion:   Dev-Anim (AF43A65D-7FD3-4947-9873-3E8ED9C1BB05): 2
LogDevObjectVersion:   Dev-ReflectionCapture (6B266CEC-1EC7-4B8F-A30B-E4D90942FC07): 1
LogDevObjectVersion:   Dev-Automation (0DF73D61-A23F-47EA-B727-89E90C41499A): 1
LogDevObjectVersion:   FortniteMain (601D1886-AC64-4F84-AA16-D3DE0DEAC7D6): 17
LogDevObjectVersion:   Dev-Enterprise (9DFFBCD6-494F-0158-E221-12823C92A888): 4
LogDevObjectVersion:   Dev-Niagara (F2AED0AC-9AFE-416F-8664-AA7FFA26D6FC): 1
LogStreaming: Display: Took  0.005s to delete old logs.
LogInit: Presizing for max 8388607 objects, including 0 objects not considered by GC, pre-allocating 0 bytes for permanent pool.
LogInit: Object subsystem initialized
LogConfig: Setting CVar [[con.DebugEarlyDefault:1]]
LogConfig: Setting CVar [[r.setres:1280x720]]
[2020.05.07-10.46.46:660][  0]LogConfig: Setting CVar [[con.DebugEarlyDefault:1]]
[2020.05.07-10.46.46:660][  0]LogConfig: Setting CVar [[r.setres:1280x720]]
[2020.05.07-10.46.46:660][  0]LogConfig: Applying CVar settings from Section [/Script/Engine.RendererSettings] File [C:/Users/mosne/Desktop/game jam/Hybrid-Games---Untitled-cybersled-game/Example project/Saved/Config/Windows/Engine.ini]
[2020.05.07-10.46.46:660][  0]LogConfig: Setting CVar [[r.GPUCrashDebugging:0]]
[2020.05.07-10.46.46:660][  0]LogConfig: Applying CVar settings from Section [/Script/Engine.RendererOverrideSettings] File [C:/Users/mosne/Desktop/game jam/Hybrid-Games---Untitled-cybersled-game/Example project/Saved/Config/Windows/Engine.ini]
[2020.05.07-10.46.46:660][  0]LogConfig: Applying CVar settings from Section [/Script/Engine.StreamingSettings] File [C:/Users/mosne/Desktop/game jam/Hybrid-Games---Untitled-cybersled-game/Example project/Saved/Config/Windows/Engine.ini]
[2020.05.07-10.46.46:660][  0]LogConfig: Setting CVar [[s.MinBulkDataSizeForAsyncLoading:131072]]
[2020.05.07-10.46.46:660][  0]LogConfig: Setting CVar [[s.AsyncLoadingThreadEnabled:0]]
[2020.05.07-10.46.46:660][  0]LogConfig: Setting CVar [[s.EventDrivenLoaderEnabled:1]]
[2020.05.07-10.46.46:660][  0]LogConfig: Setting CVar [[s.WarnIfTimeLimitExceeded:0]]
[2020.05.07-10.46.46:660][  0]LogConfig: Setting CVar [[s.TimeLimitExceededMultiplier:1.5]]
[2020.05.07-10.46.46:660][  0]LogConfig: Setting CVar [[s.TimeLimitExceededMinTime:0.005]]
[2020.05.07-10.46.46:660][  0]LogConfig: Setting CVar [[s.UseBackgroundLevelStreaming:1]]
[2020.05.07-10.46.46:660][  0]LogConfig: Setting CVar [[s.PriorityAsyncLoadingExtraTime:15.0]]
[2020.05.07-10.46.46:660][  0]LogConfig: Setting CVar [[s.LevelStreamingActorsUpdateTimeLimit:5.0]]
[2020.05.07-10.46.46:660][  0]LogConfig: Setting CVar [[s.PriorityLevelStreamingActorsUpdateExtraTime:5.0]]
[2020.05.07-10.46.46:660][  0]LogConfig: Setting CVar [[s.LevelStreamingComponentsRegistrationGranularity:10]]
[2020.05.07-10.46.46:660][  0]LogConfig: Setting CVar [[s.UnregisterComponentsTimeLimit:1.0]]
[2020.05.07-10.46.46:660][  0]LogConfig: Setting CVar [[s.LevelStreamingComponentsUnregistrationGranularity:5]]
[2020.05.07-10.46.46:660][  0]LogConfig: Applying CVar settings from Section [/Script/Engine.GarbageCollectionSettings] File [C:/Users/mosne/Desktop/game jam/Hybrid-Games---Untitled-cybersled-game/Example project/Saved/Config/Windows/Engine.ini]
[2020.05.07-10.46.46:660][  0]LogConfig: Setting CVar [[gc.MaxObjectsNotConsideredByGC:1]]
[2020.05.07-10.46.46:660][  0]LogConfig: Setting CVar [[gc.SizeOfPermanentObjectPool:0]]
[2020.05.07-10.46.46:660][  0]LogConfig: Setting CVar [[gc.FlushStreamingOnGC:0]]
[2020.05.07-10.46.46:660][  0]LogConfig: Setting CVar [[gc.NumRetriesBeforeForcingGC:10]]
[2020.05.07-10.46.46:660][  0]LogConfig: Setting CVar [[gc.AllowParallelGC:1]]
[2020.05.07-10.46.46:661][  0]LogConfig: Setting CVar [[gc.TimeBetweenPurgingPendingKillObjects:61.1]]
[2020.05.07-10.46.46:661][  0]LogConfig: Setting CVar [[gc.MaxObjectsInEditor:8388607]]
[2020.05.07-10.46.46:661][  0]LogConfig: Setting CVar [[gc.IncrementalBeginDestroyEnabled:1]]
[2020.05.07-10.46.46:661][  0]LogConfig: Setting CVar [[gc.CreateGCClusters:1]]
[2020.05.07-10.46.46:661][  0]LogConfig: Setting CVar [[gc.MergeGCClusters:0]]
[2020.05.07-10.46.46:661][  0]LogConfig: Setting CVar [[gc.MinGCClusterSize:5]]
[2020.05.07-10.46.46:661][  0]LogConfig: Setting CVar [[gc.ActorClusteringEnabled:0]]
[2020.05.07-10.46.46:661][  0]LogConfig: Setting CVar [[gc.BlueprintClusteringEnabled:0]]
[2020.05.07-10.46.46:661][  0]LogConfig: Setting CVar [[gc.UseDisregardForGCOnDedicatedServers:0]]
[2020.05.07-10.46.46:661][  0]LogConfig: Applying CVar settings from Section [/Script/Engine.NetworkSettings] File [C:/Users/mosne/Desktop/game jam/Hybrid-Games---Untitled-cybersled-game/Example project/Saved/Config/Windows/Engine.ini]
[2020.05.07-10.46.46:661][  0]LogConfig: Applying CVar settings from Section [/Script/UnrealEd.CookerSettings] File [C:/Users/mosne/Desktop/game jam/Hybrid-Games---Untitled-cybersled-game/Example project/Saved/Config/Windows/Engine.ini]
[2020.05.07-10.46.46:663][  0]LogConfig: Applying CVar settings from Section [ViewDistanceQuality@3] File [C:/Users/mosne/Desktop/game jam/Hybrid-Games---Untitled-cybersled-game/Example project/Saved/Config/Windows/Scalability.ini]
[2020.05.07-10.46.46:663][  0]LogConfig: Setting CVar [[r.SkeletalMeshLODBias:0]]
[2020.05.07-10.46.46:663][  0]LogConfig: Setting CVar [[r.ViewDistanceScale:1.0]]
[2020.05.07-10.46.46:663][  0]LogConfig: Applying CVar settings from Section [AntiAliasingQuality@3] File [C:/Users/mosne/Desktop/game jam/Hybrid-Games---Untitled-cybersled-game/Example project/Saved/Config/Windows/Scalability.ini]
[2020.05.07-10.46.46:663][  0]LogConfig: Setting CVar [[r.PostProcessAAQuality:4]]
[2020.05.07-10.46.46:663][  0]LogConfig: Applying CVar settings from Section [ShadowQuality@3] File [C:/Users/mosne/Desktop/game jam/Hybrid-Games---Untitled-cybersled-game/Example project/Saved/Config/Windows/Scalability.ini]
[2020.05.07-10.46.46:663][  0]LogConfig: Setting CVar [[r.LightFunctionQuality:1]]
[2020.05.07-10.46.46:663][  0]LogConfig: Setting CVar [[r.ShadowQuality:5]]
[2020.05.07-10.46.46:663][  0]LogConfig: Setting CVar [[r.Shadow.CSM.MaxCascades:10]]
[2020.05.07-10.46.46:663][  0]LogConfig: Setting CVar [[r.Shadow.MaxResolution:2048]]
[2020.05.07-10.46.46:663][  0]LogConfig: Setting CVar [[r.Shadow.MaxCSMResolution:2048]]
[2020.05.07-10.46.46:663][  0]LogConfig: Setting CVar [[r.Shadow.RadiusThreshold:0.01]]
[2020.05.07-10.46.46:663][  0]LogConfig: Setting CVar [[r.Shadow.DistanceScale:1.0]]
[2020.05.07-10.46.46:663][  0]LogConfig: Setting CVar [[r.Shadow.CSM.TransitionScale:1.0]]
[2020.05.07-10.46.46:663][  0]LogConfig: Setting CVar [[r.Shadow.PreShadowResolutionFactor:1.0]]
[2020.05.07-10.46.46:663][  0]LogConfig: Setting CVar [[r.DistanceFieldShadowing:1]]
[2020.05.07-10.46.46:663][  0]LogConfig: Setting CVar [[r.DistanceFieldAO:1]]
[2020.05.07-10.46.46:663][  0]LogConfig: Setting CVar [[r.AOQuality:2]]
[2020.05.07-10.46.46:663][  0]LogConfig: Setting CVar [[r.VolumetricFog:1]]
[2020.05.07-10.46.46:663][  0]LogConfig: Setting CVar [[r.VolumetricFog.GridPixelSize:8]]
[2020.05.07-10.46.46:663][  0]LogConfig: Setting CVar [[r.VolumetricFog.GridSizeZ:128]]
[2020.05.07-10.46.46:663][  0]LogConfig: Setting CVar [[r.VolumetricFog.HistoryMissSupersampleCount:4]]
[2020.05.07-10.46.46:663][  0]LogConfig: Setting CVar [[r.LightMaxDrawDistanceScale:1]]
[2020.05.07-10.46.46:663][  0]LogConfig: Setting CVar [[r.CapsuleShadows:1]]
[2020.05.07-10.46.46:663][  0]LogConfig: Applying CVar settings from Section [PostProcessQuality@3] File [C:/Users/mosne/Desktop/game jam/Hybrid-Games---Untitled-cybersled-game/Example project/Saved/Config/Windows/Scalability.ini]
[2020.05.07-10.46.46:663][  0]LogConfig: Setting CVar [[r.MotionBlurQuality:4]]
[2020.05.07-10.46.46:663][  0]LogConfig: Setting CVar [[r.AmbientOcclusionMipLevelFactor:0.4]]
[2020.05.07-10.46.46:663][  0]LogConfig: Setting CVar [[r.AmbientOcclusionMaxQuality:100]]
[2020.05.07-10.46.46:663][  0]LogConfig: Setting CVar [[r.AmbientOcclusionLevels:-1]]
[2020.05.07-10.46.46:663][  0]LogConfig: Setting CVar [[r.AmbientOcclusionRadiusScale:1.0]]
[2020.05.07-10.46.46:663][  0]LogConfig: Setting CVar [[r.DepthOfFieldQuality:2]]
[2020.05.07-10.46.46:663][  0]LogConfig: Setting CVar [[r.RenderTargetPoolMin:400]]
[2020.05.07-10.46.46:663][  0]LogConfig: Setting CVar [[r.LensFlareQuality:2]]
[2020.05.07-10.46.46:663][  0]LogConfig: Setting CVar [[r.SceneColorFringeQuality:1]]
[2020.05.07-10.46.46:663][  0]LogConfig: Setting CVar [[r.EyeAdaptationQuality:2]]
[2020.05.07-10.46.46:663][  0]LogConfig: Setting CVar [[r.BloomQuality:5]]
[2020.05.07-10.46.46:663][  0]LogConfig: Setting CVar [[r.FastBlurThreshold:100]]
[2020.05.07-10.46.46:663][  0]LogConfig: Setting CVar [[r.Upscale.Quality:3]]
[2020.05.07-10.46.46:663][  0]LogConfig: Setting CVar [[r.Tonemapper.GrainQuantization:1]]
[2020.05.07-10.46.46:663][  0]LogConfig: Setting CVar [[r.LightShaftQuality:1]]
[2020.05.07-10.46.46:663][  0]LogConfig: Setting CVar [[r.Filter.SizeScale:1]]
[2020.05.07-10.46.46:663][  0]LogConfig: Setting CVar [[r.Tonemapper.Quality:5]]
[2020.05.07-10.46.46:663][  0]LogConfig: Setting CVar [[r.DOF.Gather.AccumulatorQuality:1        ; higher gathering accumulator quality]]
[2020.05.07-10.46.46:663][  0]LogConfig: Setting CVar [[r.DOF.Gather.PostfilterMethod:1          ; Median3x3 postfilering method]]
[2020.05.07-10.46.46:663][  0]LogConfig: Setting CVar [[r.DOF.Gather.EnableBokehSettings:0       ; no bokeh simulation when gathering]]
[2020.05.07-10.46.46:663][  0]LogConfig: Setting CVar [[r.DOF.Gather.RingCount:4                 ; medium number of samples when gathering]]
[2020.05.07-10.46.46:664][  0]LogConfig: Setting CVar [[r.DOF.Scatter.ForegroundCompositing:1    ; additive foreground scattering]]
[2020.05.07-10.46.46:664][  0]LogConfig: Setting CVar [[r.DOF.Scatter.BackgroundCompositing:2    ; additive background scattering]]
[2020.05.07-10.46.46:664][  0]LogConfig: Setting CVar [[r.DOF.Scatter.EnableBokehSettings:1      ; bokeh simulation when scattering]]
[2020.05.07-10.46.46:664][  0]LogConfig: Setting CVar [[r.DOF.Scatter.MaxSpriteRatio:0.1         ; only a maximum of 10% of scattered bokeh]]
[2020.05.07-10.46.46:664][  0]LogConfig: Setting CVar [[r.DOF.Recombine.Quality:1                ; cheap slight out of focus]]
[2020.05.07-10.46.46:664][  0]LogConfig: Setting CVar [[r.DOF.Recombine.EnableBokehSettings:0    ; no bokeh simulation on slight out of focus]]
[2020.05.07-10.46.46:664][  0]LogConfig: Setting CVar [[r.DOF.TemporalAAQuality:1                ; more stable temporal accumulation]]
[2020.05.07-10.46.46:664][  0]LogConfig: Setting CVar [[r.DOF.Kernel.MaxForegroundRadius:0.025]]
[2020.05.07-10.46.46:664][  0]LogConfig: Setting CVar [[r.DOF.Kernel.MaxBackgroundRadius:0.025]]
[2020.05.07-10.46.46:664][  0]LogConfig: Applying CVar settings from Section [TextureQuality@3] File [C:/Users/mosne/Desktop/game jam/Hybrid-Games---Untitled-cybersled-game/Example project/Saved/Config/Windows/Scalability.ini]
[2020.05.07-10.46.46:664][  0]LogConfig: Setting CVar [[r.Streaming.MipBias:0]]
[2020.05.07-10.46.46:664][  0]LogConfig: Setting CVar [[r.Streaming.AmortizeCPUToGPUCopy:0]]
[2020.05.07-10.46.46:664][  0]LogConfig: Setting CVar [[r.Streaming.MaxNumTexturesToStreamPerFrame:0]]
[2020.05.07-10.46.46:664][  0]LogConfig: Setting CVar [[r.Streaming.Boost:1]]
[2020.05.07-10.46.46:664][  0]LogConfig: Setting CVar [[r.MaxAnisotropy:8]]
[2020.05.07-10.46.46:664][  0]LogConfig: Setting CVar [[r.Streaming.LimitPoolSizeToVRAM:0]]
[2020.05.07-10.46.46:664][  0]LogConfig: Setting CVar [[r.Streaming.PoolSize:1000]]
[2020.05.07-10.46.46:664][  0]LogConfig: Setting CVar [[r.Streaming.MaxEffectiveScreenSize:0]]
[2020.05.07-10.46.46:664][  0]LogConfig: Applying CVar settings from Section [EffectsQuality@3] File [C:/Users/mosne/Desktop/game jam/Hybrid-Games---Untitled-cybersled-game/Example project/Saved/Config/Windows/Scalability.ini]
[2020.05.07-10.46.46:664][  0]LogConfig: Setting CVar [[r.TranslucencyLightingVolumeDim:64]]
[2020.05.07-10.46.46:664][  0]LogConfig: Setting CVar [[r.RefractionQuality:2]]
[2020.05.07-10.46.46:664][  0]LogConfig: Setting CVar [[r.SSR.Quality:3]]
[2020.05.07-10.46.46:664][  0]LogConfig: Setting CVar [[r.SceneColorFormat:4]]
[2020.05.07-10.46.46:664][  0]LogConfig: Setting CVar [[r.DetailMode:2]]
[2020.05.07-10.46.46:664][  0]LogConfig: Setting CVar [[r.TranslucencyVolumeBlur:1]]
[2020.05.07-10.46.46:664][  0]LogConfig: Setting CVar [[r.MaterialQualityLevel:1 ; High quality]]
[2020.05.07-10.46.46:664][  0]LogConfig: Setting CVar [[r.SSS.Scale:1]]
[2020.05.07-10.46.46:664][  0]LogConfig: Setting CVar [[r.SSS.SampleSet:2]]
[2020.05.07-10.46.46:664][  0]LogConfig: Setting CVar [[r.SSS.Quality:1]]
[2020.05.07-10.46.46:664][  0]LogConfig: Setting CVar [[r.SSS.HalfRes:1]]
[2020.05.07-10.46.46:664][  0]LogConfig: Setting CVar [[r.EmitterSpawnRateScale:1.0]]
[2020.05.07-10.46.46:664][  0]LogConfig: Setting CVar [[r.ParticleLightQuality:2]]
[2020.05.07-10.46.46:664][  0]LogConfig: Applying CVar settings from Section [FoliageQuality@3] File [C:/Users/mosne/Desktop/game jam/Hybrid-Games---Untitled-cybersled-game/Example project/Saved/Config/Windows/Scalability.ini]
[2020.05.07-10.46.46:664][  0]LogConfig: Setting CVar [[foliage.DensityScale:1.0]]
[2020.05.07-10.46.46:664][  0]LogConfig: Setting CVar [[grass.DensityScale:1.0]]
[2020.05.07-10.46.46:664][  0]LogInit: Selected Device Profile: [Windows]
[2020.05.07-10.46.46:664][  0]LogInit: Applying CVar settings loaded from the selected device profile: [Windows]
[2020.05.07-10.46.46:667][  0]LogHAL: Display: Platform has ~ 16 GB [17125564416 / 17179869184 / 16], which maps to Larger [LargestMinGB=32, LargerMinGB=12, DefaultMinGB=8, SmallerMinGB=6, SmallestMinGB=0)
[2020.05.07-10.46.46:667][  0]LogConfig: Setting CVar [[r.Vulkan.UseRealUBs:1]]
[2020.05.07-10.46.46:667][  0]LogInit: Going up to parent DeviceProfile []
[2020.05.07-10.46.46:667][  0]LogConfig: Applying CVar settings from Section [ViewDistanceQuality@3] File [C:/Users/mosne/Desktop/game jam/Hybrid-Games---Untitled-cybersled-game/Example project/Saved/Config/Windows/Scalability.ini]
[2020.05.07-10.46.46:667][  0]LogConfig: Setting CVar [[r.SkeletalMeshLODBias:0]]
[2020.05.07-10.46.46:667][  0]LogConfig: Setting CVar [[r.ViewDistanceScale:1.0]]
[2020.05.07-10.46.46:667][  0]LogConfig: Applying CVar settings from Section [AntiAliasingQuality@3] File [C:/Users/mosne/Desktop/game jam/Hybrid-Games---Untitled-cybersled-game/Example project/Saved/Config/Windows/Scalability.ini]
[2020.05.07-10.46.46:667][  0]LogConfig: Setting CVar [[r.PostProcessAAQuality:4]]
[2020.05.07-10.46.46:667][  0]LogConfig: Applying CVar settings from Section [ShadowQuality@3] File [C:/Users/mosne/Desktop/game jam/Hybrid-Games---Untitled-cybersled-game/Example project/Saved/Config/Windows/Scalability.ini]
[2020.05.07-10.46.46:667][  0]LogConfig: Setting CVar [[r.LightFunctionQuality:1]]
[2020.05.07-10.46.46:667][  0]LogConfig: Setting CVar [[r.ShadowQuality:5]]
[2020.05.07-10.46.46:667][  0]LogConfig: Setting CVar [[r.Shadow.CSM.MaxCascades:10]]
[2020.05.07-10.46.46:667][  0]LogConfig: Setting CVar [[r.Shadow.MaxResolution:2048]]
[2020.05.07-10.46.46:667][  0]LogConfig: Setting CVar [[r.Shadow.MaxCSMResolution:2048]]
[2020.05.07-10.46.46:667][  0]LogConfig: Setting CVar [[r.Shadow.RadiusThreshold:0.01]]
[2020.05.07-10.46.46:667][  0]LogConfig: Setting CVar [[r.Shadow.DistanceScale:1.0]]
[2020.05.07-10.46.46:667][  0]LogConfig: Setting CVar [[r.Shadow.CSM.TransitionScale:1.0]]
[2020.05.07-10.46.46:667][  0]LogConfig: Setting CVar [[r.Shadow.PreShadowResolutionFactor:1.0]]
[2020.05.07-10.46.46:667][  0]LogConfig: Setting CVar [[r.DistanceFieldShadowing:1]]
[2020.05.07-10.46.46:667][  0]LogConfig: Setting CVar [[r.DistanceFieldAO:1]]
[2020.05.07-10.46.46:667][  0]LogConfig: Setting CVar [[r.AOQuality:2]]
[2020.05.07-10.46.46:667][  0]LogConfig: Setting CVar [[r.VolumetricFog:1]]
[2020.05.07-10.46.46:667][  0]LogConfig: Setting CVar [[r.VolumetricFog.GridPixelSize:8]]
[2020.05.07-10.46.46:667][  0]LogConfig: Setting CVar [[r.VolumetricFog.GridSizeZ:128]]
[2020.05.07-10.46.46:667][  0]LogConfig: Setting CVar [[r.VolumetricFog.HistoryMissSupersampleCount:4]]
[2020.05.07-10.46.46:667][  0]LogConfig: Setting CVar [[r.LightMaxDrawDistanceScale:1]]
[2020.05.07-10.46.46:667][  0]LogConfig: Setting CVar [[r.CapsuleShadows:1]]
[2020.05.07-10.46.46:667][  0]LogConfig: Applying CVar settings from Section [PostProcessQuality@3] File [C:/Users/mosne/Desktop/game jam/Hybrid-Games---Untitled-cybersled-game/Example project/Saved/Config/Windows/Scalability.ini]
[2020.05.07-10.46.46:668][  0]LogConfig: Setting CVar [[r.MotionBlurQuality:4]]
[2020.05.07-10.46.46:668][  0]LogConfig: Setting CVar [[r.AmbientOcclusionMipLevelFactor:0.4]]
[2020.05.07-10.46.46:668][  0]LogConfig: Setting CVar [[r.AmbientOcclusionMaxQuality:100]]
[2020.05.07-10.46.46:668][  0]LogConfig: Setting CVar [[r.AmbientOcclusionLevels:-1]]
[2020.05.07-10.46.46:668][  0]LogConfig: Setting CVar [[r.AmbientOcclusionRadiusScale:1.0]]
[2020.05.07-10.46.46:668][  0]LogConfig: Setting CVar [[r.DepthOfFieldQuality:2]]
[2020.05.07-10.46.46:668][  0]LogConfig: Setting CVar [[r.RenderTargetPoolMin:400]]
[2020.05.07-10.46.46:668][  0]LogConfig: Setting CVar [[r.LensFlareQuality:2]]
[2020.05.07-10.46.46:668][  0]LogConfig: Setting CVar [[r.SceneColorFringeQuality:1]]
[2020.05.07-10.46.46:668][  0]LogConfig: Setting CVar [[r.EyeAdaptationQuality:2]]
[2020.05.07-10.46.46:668][  0]LogConfig: Setting CVar [[r.BloomQuality:5]]
[2020.05.07-10.46.46:668][  0]LogConfig: Setting CVar [[r.FastBlurThreshold:100]]
[2020.05.07-10.46.46:668][  0]LogConfig: Setting CVar [[r.Upscale.Quality:3]]
[2020.05.07-10.46.46:668][  0]LogConfig: Setting CVar [[r.Tonemapper.GrainQuantization:1]]
[2020.05.07-10.46.46:668][  0]LogConfig: Setting CVar [[r.LightShaftQuality:1]]
[2020.05.07-10.46.46:668][  0]LogConfig: Setting CVar [[r.Filter.SizeScale:1]]
[2020.05.07-10.46.46:668][  0]LogConfig: Setting CVar [[r.Tonemapper.Quality:5]]
[2020.05.07-10.46.46:668][  0]LogConfig: Setting CVar [[r.DOF.Gather.AccumulatorQuality:1        ; higher gathering accumulator quality]]
[2020.05.07-10.46.46:668][  0]LogConfig: Setting CVar [[r.DOF.Gather.PostfilterMethod:1          ; Median3x3 postfilering method]]
[2020.05.07-10.46.46:668][  0]LogConfig: Setting CVar [[r.DOF.Gather.EnableBokehSettings:0       ; no bokeh simulation when gathering]]
[2020.05.07-10.46.46:668][  0]LogConfig: Setting CVar [[r.DOF.Gather.RingCount:4                 ; medium number of samples when gathering]]
[2020.05.07-10.46.46:668][  0]LogConfig: Setting CVar [[r.DOF.Scatter.ForegroundCompositing:1    ; additive foreground scattering]]
[2020.05.07-10.46.46:668][  0]LogConfig: Setting CVar [[r.DOF.Scatter.BackgroundCompositing:2    ; additive background scattering]]
[2020.05.07-10.46.46:668][  0]LogConfig: Setting CVar [[r.DOF.Scatter.EnableBokehSettings:1      ; bokeh simulation when scattering]]
[2020.05.07-10.46.46:668][  0]LogConfig: Setting CVar [[r.DOF.Scatter.MaxSpriteRatio:0.1         ; only a maximum of 10% of scattered bokeh]]
[2020.05.07-10.46.46:668][  0]LogConfig: Setting CVar [[r.DOF.Recombine.Quality:1                ; cheap slight out of focus]]
[2020.05.07-10.46.46:668][  0]LogConfig: Setting CVar [[r.DOF.Recombine.EnableBokehSettings:0    ; no bokeh simulation on slight out of focus]]
[2020.05.07-10.46.46:668][  0]LogConfig: Setting CVar [[r.DOF.TemporalAAQuality:1                ; more stable temporal accumulation]]
[2020.05.07-10.46.46:668][  0]LogConfig: Setting CVar [[r.DOF.Kernel.MaxForegroundRadius:0.025]]
[2020.05.07-10.46.46:668][  0]LogConfig: Setting CVar [[r.DOF.Kernel.MaxBackgroundRadius:0.025]]
[2020.05.07-10.46.46:668][  0]LogConfig: Applying CVar settings from Section [TextureQuality@3] File [C:/Users/mosne/Desktop/game jam/Hybrid-Games---Untitled-cybersled-game/Example project/Saved/Config/Windows/Scalability.ini]
[2020.05.07-10.46.46:668][  0]LogConfig: Setting CVar [[r.Streaming.MipBias:0]]
[2020.05.07-10.46.46:668][  0]LogConfig: Setting CVar [[r.Streaming.AmortizeCPUToGPUCopy:0]]
[2020.05.07-10.46.46:668][  0]LogConfig: Setting CVar [[r.Streaming.MaxNumTexturesToStreamPerFrame:0]]
[2020.05.07-10.46.46:668][  0]LogConfig: Setting CVar [[r.Streaming.Boost:1]]
[2020.05.07-10.46.46:668][  0]LogConfig: Setting CVar [[r.MaxAnisotropy:8]]
[2020.05.07-10.46.46:668][  0]LogConfig: Setting CVar [[r.Streaming.LimitPoolSizeToVRAM:0]]
[2020.05.07-10.46.46:668][  0]LogConfig: Setting CVar [[r.Streaming.PoolSize:1000]]
[2020.05.07-10.46.46:668][  0]LogConfig: Setting CVar [[r.Streaming.MaxEffectiveScreenSize:0]]
[2020.05.07-10.46.46:668][  0]LogConfig: Applying CVar settings from Section [EffectsQuality@3] File [C:/Users/mosne/Desktop/game jam/Hybrid-Games---Untitled-cybersled-game/Example project/Saved/Config/Windows/Scalability.ini]
[2020.05.07-10.46.46:668][  0]LogConfig: Setting CVar [[r.TranslucencyLightingVolumeDim:64]]
[2020.05.07-10.46.46:668][  0]LogConfig: Setting CVar [[r.RefractionQuality:2]]
[2020.05.07-10.46.46:668][  0]LogConfig: Setting CVar [[r.SSR.Quality:3]]
[2020.05.07-10.46.46:668][  0]LogConfig: Setting CVar [[r.SceneColorFormat:4]]
[2020.05.07-10.46.46:668][  0]LogConfig: Setting CVar [[r.DetailMode:2]]
[2020.05.07-10.46.46:668][  0]LogConfig: Setting CVar [[r.TranslucencyVolumeBlur:1]]
[2020.05.07-10.46.46:668][  0]LogConfig: Setting CVar [[r.MaterialQualityLevel:1 ; High quality]]
[2020.05.07-10.46.46:668][  0]LogConfig: Setting CVar [[r.SSS.Scale:1]]
[2020.05.07-10.46.46:668][  0]LogConfig: Setting CVar [[r.SSS.SampleSet:2]]
[2020.05.07-10.46.46:668][  0]LogConfig: Setting CVar [[r.SSS.Quality:1]]
[2020.05.07-10.46.46:668][  0]LogConfig: Setting CVar [[r.SSS.HalfRes:1]]
[2020.05.07-10.46.46:668][  0]LogConfig: Setting CVar [[r.EmitterSpawnRateScale:1.0]]
[2020.05.07-10.46.46:668][  0]LogConfig: Setting CVar [[r.ParticleLightQuality:2]]
[2020.05.07-10.46.46:668][  0]LogConfig: Applying CVar settings from Section [FoliageQuality@3] File [C:/Users/mosne/Desktop/game jam/Hybrid-Games---Untitled-cybersled-game/Example project/Saved/Config/Windows/Scalability.ini]
[2020.05.07-10.46.46:668][  0]LogConfig: Setting CVar [[foliage.DensityScale:1.0]]
[2020.05.07-10.46.46:668][  0]LogConfig: Setting CVar [[grass.DensityScale:1.0]]
[2020.05.07-10.46.46:668][  0]LogConfig: Applying CVar settings from Section [Startup] File [../../../Engine/Config/ConsoleVariables.ini]
[2020.05.07-10.46.46:668][  0]LogConfig: Setting CVar [[net.UseAdaptiveNetUpdateFrequency:0]]
[2020.05.07-10.46.46:668][  0]LogConfig: Applying CVar settings from Section [ConsoleVariables] File [C:/Users/mosne/Desktop/game jam/Hybrid-Games---Untitled-cybersled-game/Example project/Saved/Config/Windows/Engine.ini]
[2020.05.07-10.46.46:668][  0]LogInit: Computer: DESKTOP-70DPEE6
[2020.05.07-10.46.46:668][  0]LogInit: User: mosne
[2020.05.07-10.46.46:668][  0]LogInit: CPU Page size=4096, Cores=6
[2020.05.07-10.46.46:668][  0]LogInit: High frequency timer resolution =10.000000 MHz
[2020.05.07-10.46.46:669][  0]LogMemory: Memory total: Physical=15.9GB (16GB approx)
[2020.05.07-10.46.46:669][  0]LogMemory: Platform Memory Stats for Windows
[2020.05.07-10.46.46:669][  0]LogMemory: Process Physical Memory: 104.83 MB used, 104.84 MB peak
[2020.05.07-10.46.46:669][  0]LogMemory: Process Virtual Memory: 95.47 MB used, 95.47 MB peak
[2020.05.07-10.46.46:669][  0]LogMemory: Physical Memory: 6721.48 MB used,  9610.73 MB free, 16332.21 MB total
[2020.05.07-10.46.46:669][  0]LogMemory: Virtual Memory: 4636.09 MB used,  134213088.00 MB free, 134217728.00 MB total
[2020.05.07-10.46.46:683][  0]LogInit: Using OS detected language (en-GB).
[2020.05.07-10.46.46:683][  0]LogInit: Using OS detected locale (en-GB).
[2020.05.07-10.46.46:683][  0]LogTextLocalizationManager: No specific localization for 'en-GB' exists, so the 'en' localization will be used.
[2020.05.07-10.46.47:005][  0]LogStreaming: Display: Took  0.322s to InitEngineTextLocalization.
[2020.05.07-10.46.47:030][  0]LogSlate: New Slate User Created.  User Index 0, Is Virtual User: 0
[2020.05.07-10.46.47:030][  0]LogSlate: Slate User Registered.  User Index 0, Is Virtual User: 0
[2020.05.07-10.46.47:034][  0]LogHMD: Failed to initialize OpenVR with code 110
[2020.05.07-10.46.47:034][  0]LogD3D11RHI: D3D11 adapters:
[2020.05.07-10.46.47:118][  0]LogD3D11RHI:    0. 'NVIDIA GeForce RTX 2060' (Feature Level 11_0)
[2020.05.07-10.46.47:118][  0]LogD3D11RHI:       5980/0/8166 MB DedicatedVideo/DedicatedSystem/SharedSystem, Outputs:1, VendorId:0x10de
[2020.05.07-10.46.47:120][  0]LogD3D11RHI:    1. 'Microsoft Basic Render Driver' (Feature Level 11_0)
[2020.05.07-10.46.47:120][  0]LogD3D11RHI:       0/0/8166 MB DedicatedVideo/DedicatedSystem/SharedSystem, Outputs:0, VendorId:0x1414
[2020.05.07-10.46.47:120][  0]LogD3D11RHI: Chosen D3D11 Adapter: 0
[2020.05.07-10.46.47:126][  0]LogD3D11RHI: Creating new Direct3DDevice
[2020.05.07-10.46.47:126][  0]LogD3D11RHI:     GPU DeviceId: 0x1f08 (for the marketing name, search the web for "GPU Device Id")
[2020.05.07-10.46.47:126][  0]LogWindows: EnumDisplayDevices:
[2020.05.07-10.46.47:126][  0]LogWindows:    0. 'NVIDIA GeForce RTX 2060' (P:1 D:1)
[2020.05.07-10.46.47:126][  0]LogWindows:    1. 'NVIDIA GeForce RTX 2060' (P:0 D:0)
[2020.05.07-10.46.47:127][  0]LogWindows:    2. 'NVIDIA GeForce RTX 2060' (P:0 D:0)
[2020.05.07-10.46.47:127][  0]LogWindows:    3. 'NVIDIA GeForce RTX 2060' (P:0 D:0)
[2020.05.07-10.46.47:127][  0]LogWindows: DebugString: FoundDriverCount:4 
[2020.05.07-10.46.47:127][  0]LogD3D11RHI:     Adapter Name: NVIDIA GeForce RTX 2060
[2020.05.07-10.46.47:127][  0]LogD3D11RHI:   Driver Version: 445.87 (internal:26.21.14.4587, unified:445.87)
[2020.05.07-10.46.47:127][  0]LogD3D11RHI:      Driver Date: 4-3-2020
[2020.05.07-10.46.47:127][  0]LogRHI: Texture pool is 4186 MB (70% of 5980 MB)
[2020.05.07-10.46.47:169][  0]LogD3D11RHI: Async texture creation enabled
[2020.05.07-10.46.47:186][  0]LogD3D11RHI: GPU Timing Frequency: 1000.000000 (Debug: 2 1)
[2020.05.07-10.46.47:419][  0]LogTemp: Display: Loaded TP WindowsClientTargetPlatform
[2020.05.07-10.46.47:428][  0]LogTemp: Display: Loaded TP WindowsNoEditorTargetPlatform
[2020.05.07-10.46.47:438][  0]LogTemp: Display: Loaded TP WindowsServerTargetPlatform
[2020.05.07-10.46.47:443][  0]LogTemp: Display: Loaded TP WindowsTargetPlatform
[2020.05.07-10.46.47:443][  0]LogTargetPlatformManager: Display: Building Assets For Windows
[2020.05.07-10.46.47:474][  0]LogShaderCompilers: Guid format shader working directory is -40 characters bigger than the processId version (C:/Users/mosne/Desktop/game jam/Hybrid-Games---Untitled-cybersled-game/Example project/Intermediate/Shaders/WorkingDirectory/4300/).
[2020.05.07-10.46.47:474][  0]LogShaderCompilers: Cleaned the shader compiler working directory 'C:/Users/mosne/AppData/Local/Temp/UnrealShaderWorkingDir/41791D974A52F42FAE1A87926A432C4A/'.
[2020.05.07-10.46.47:475][  0]LogXGEController: Cannot use XGE Controller as Incredibuild is not installed on this machine.
[2020.05.07-10.46.47:475][  0]LogShaderCompilers: Cannot use XGE Shader Compiler as Incredibuild is not installed on this machine.
[2020.05.07-10.46.47:475][  0]LogShaderCompilers: Display: Using Local Shader Compiler.
[2020.05.07-10.46.47:935][  0]LogDerivedDataCache: Display: Max Cache Size: 512 MB
[2020.05.07-10.46.47:972][  0]LogDerivedDataCache: Loaded boot cache 0.04s 71MB C:/Users/mosne/AppData/Local/UnrealEngine/4.21/DerivedDataCache/Boot.ddc.
[2020.05.07-10.46.47:972][  0]LogDerivedDataCache: Display: Loaded Boot cache: C:/Users/mosne/AppData/Local/UnrealEngine/4.21/DerivedDataCache/Boot.ddc
[2020.05.07-10.46.47:972][  0]LogDerivedDataCache: FDerivedDataBackendGraph:  Pak pak cache file C:/Users/mosne/Desktop/game jam/Hybrid-Games---Untitled-cybersled-game/Example project/DerivedDataCache/DDC.ddp not found, will not use a pak cache.
[2020.05.07-10.46.47:972][  0]LogDerivedDataCache: Unable to find inner node Pak for hierarchical cache Hierarchy.
[2020.05.07-10.46.47:972][  0]LogDerivedDataCache: FDerivedDataBackendGraph:  CompressedPak pak cache file C:/Users/mosne/Desktop/game jam/Hybrid-Games---Untitled-cybersled-game/Example project/DerivedDataCache/Compressed.ddp not found, will not use a pak cache.
[2020.05.07-10.46.47:972][  0]LogDerivedDataCache: Unable to find inner node CompressedPak for hierarchical cache Hierarchy.
[2020.05.07-10.46.47:985][  0]LogDerivedDataCache: Display: Pak cache opened for reading ../../../Engine/DerivedDataCache/Compressed.ddp.
[2020.05.07-10.46.47:985][  0]LogDerivedDataCache: FDerivedDataBackendGraph:  EnterprisePak pak cache file ../../../Enterprise/DerivedDataCache/Compressed.ddp not found, will not use a pak cache.
[2020.05.07-10.46.47:985][  0]LogDerivedDataCache: Unable to find inner node EnterprisePak for hierarchical cache Hierarchy.
[2020.05.07-10.46.47:997][  0]LogDerivedDataCache: Using Local data cache path C:/Users/mosne/AppData/Local/UnrealEngine/Common/DerivedDataCache: Writable
[2020.05.07-10.46.47:997][  0]LogDerivedDataCache: Shared data cache path not found in *engine.ini, will not use an Shared cache.
[2020.05.07-10.46.47:997][  0]LogDerivedDataCache: Unable to find inner node Shared for hierarchical cache Hierarchy.
[2020.05.07-10.46.48:037][  0]LogMaterial: Verifying Global Shaders for PCD3D_SM5
[2020.05.07-10.46.48:056][  0]LogSlate: Using FreeType 2.6.0
[2020.05.07-10.46.48:056][  0]LogSlate: SlateFontServices - WITH_FREETYPE: 1, WITH_HARFBUZZ: 1
[2020.05.07-10.46.48:136][  0]LogInit: Using OS detected language (en-GB).
[2020.05.07-10.46.48:136][  0]LogInit: Using OS detected locale (en-GB).
[2020.05.07-10.46.48:136][  0]LogTextLocalizationManager: No localization for 'en-GB' exists, so 'en' will be used for the language.
[2020.05.07-10.46.48:136][  0]LogTextLocalizationManager: No localization for 'en-GB' exists, so 'en' will be used for the locale.
[2020.05.07-10.46.48:137][  0]LogSlate: FontCache flush requested. Reason: Culture for localization was changed
[2020.05.07-10.46.48:137][  0]LogSlate: FontCache flush requested. Reason: Culture for localization was changed
[2020.05.07-10.46.48:440][  0]LogStreaming: Display: Took  0.304s to InitGameTextLocalization.
[2020.05.07-10.46.48:445][  0]LogAssetRegistry: FAssetRegistry took 0.0033 seconds to start up
[2020.05.07-10.46.48:597][  0]LogPackageLocalizationCache: Processed 11 localized package path(s) for 1 prioritized culture(s) in 0.009654 seconds
[2020.05.07-10.46.48:687][  0]LogInit: Selected Device Profile: [Windows]
[2020.05.07-10.46.48:729][  0]LogSimplygon: Simplygon DLL not present - disabling.
[2020.05.07-10.46.48:731][  0]LogMeshReduction: Using SimplygonSwarm for distributed automatic mesh merging
[2020.05.07-10.46.48:731][  0]LogMeshReduction: Using ProxyLODMeshReduction for automatic mesh merging
[2020.05.07-10.46.48:731][  0]LogMeshReduction: Using QuadricMeshReduction for automatic static mesh reduction
[2020.05.07-10.46.48:731][  0]LogMeshReduction: No automatic skeletal mesh reduction module available
[2020.05.07-10.46.48:805][  0]LogNetVersion: MyProject2 1.0.0, NetCL: 4541578, EngineNetVer: 5, GameNetVer: 0 (Checksum: 2078931443)
[2020.05.07-10.46.49:207][  0]LogMoviePlayer: Initializing movie player
[2020.05.07-10.46.49:302][  0]LogSubstanceCoreModule: Substance [CPU] Engine Loaded, Max Texture Size = 2048
[2020.05.07-10.46.49:304][  0]LogTcpMessaging: Initializing TcpMessaging bridge
[2020.05.07-10.46.49:316][  0]LogUdpMessaging: Initializing bridge on interface 0.0.0.0:0 to multicast group 230.0.0.1:6666.
[2020.05.07-10.46.49:382][  0]LogCollectionManager: Loaded 0 collections in 0.000873 seconds
[2020.05.07-10.46.49:406][  0]LogFileCache: Scanning file cache for directory 'C:/Users/mosne/Desktop/game jam/Hybrid-Games---Untitled-cybersled-game/Example project/Saved/Collections/' took 0.01s
[2020.05.07-10.46.49:406][  0]LogFileCache: Scanning file cache for directory 'C:/Users/mosne/Desktop/game jam/Hybrid-Games---Untitled-cybersled-game/Example project/Content/Developers/mosne/Collections/' took 0.01s
[2020.05.07-10.46.49:406][  0]LogFileCache: Scanning file cache for directory 'C:/Users/mosne/Desktop/game jam/Hybrid-Games---Untitled-cybersled-game/Example project/Content/Collections/' took 0.00s
[2020.05.07-10.46.49:406][  0]LogCollectionManager: Rebuilt the object cache for 0 collections in 0.000000 seconds (found 0 objects)
[2020.05.07-10.46.49:406][  0]LogCollectionManager: Fixed up redirectors for 0 collections in 0.000075 seconds (updated 0 objects)
[2020.05.07-10.46.49:429][  0]SourceControl: Source control is disabled
[2020.05.07-10.46.49:429][  0]SourceControl: Source control is disabled
[2020.05.07-10.46.49:430][  0]SourceControl: Source control is disabled
[2020.05.07-10.46.49:538][  0]LogAndroidPermission: UAndroidPermissionCallbackProxy::GetInstance
[2020.05.07-10.46.49:597][  0]LogOcInput: OculusInput pre-init called
[2020.05.07-10.46.49:604][  0]LogUObjectArray: 43556 objects as part of root set at end of initial load.
[2020.05.07-10.46.49:604][  0]LogUObjectAllocator: 7654240 out of 0 bytes used by permanent object pool.
[2020.05.07-10.46.49:604][  0]LogUObjectArray: CloseDisregardForGC: 0/0 objects in disregard for GC pool
[2020.05.07-10.46.49:718][  0]LogEngine: Initializing Engine...
[2020.05.07-10.46.49:719][  0]LogHMD: Failed to initialize OpenVR with code 110
[2020.05.07-10.46.49:731][  0]LogStats: UGameplayTagsManager::ConstructGameplayTagTree: ImportINI prefixes -  0.000 s
[2020.05.07-10.46.49:731][  0]LogStats: UGameplayTagsManager::ConstructGameplayTagTree: Construct from data asset -  0.000 s
[2020.05.07-10.46.49:731][  0]LogStats: UGameplayTagsManager::ConstructGameplayTagTree: ImportINI -  0.000 s
[2020.05.07-10.46.49:731][  0]LogStats: UGameplayTagsManager::ConstructGameplayTagTree: GameplayTagTreeChangedEvent.Broadcast -  0.000 s
[2020.05.07-10.46.49:867][  0]LogInit: Initializing FReadOnlyCVARCache
[2020.05.07-10.46.49:882][  0]LogInit: XAudio2 using 'Speakers (Realtek(R) Audio)' : 6 channels at 48 kHz using 32 bits per sample (channel mask 0x3f)
[2020.05.07-10.46.49:902][  0]LogInit: FAudioDevice initialized.
[2020.05.07-10.46.49:914][  0]LogNetVersion: Set ProjectVersion to 1.0.0.0. Version Checksum will be recalculated on next use.
[2020.05.07-10.46.49:914][  0]LogInit: Texture streaming: Enabled
[2020.05.07-10.46.50:140][  0]LogSlate: Updating window title bar state: overlay mode, drag disabled, window buttons hidden, title bar hidden
[2020.05.07-10.46.50:141][  0]LogInit: Display: Game Engine Initialized.
[2020.05.07-10.46.50:141][  0]LogGameplayTags: Display: UGameplayTagsManager::DoneAddingNativeTags. DelegateIsBound: 0
[2020.05.07-10.46.50:141][  0]LogStats: UGameplayTagsManager::ConstructGameplayTagTree: ImportINI prefixes -  0.000 s
[2020.05.07-10.46.50:141][  0]LogStats: UGameplayTagsManager::ConstructGameplayTagTree: Construct from data asset -  0.000 s
[2020.05.07-10.46.50:141][  0]LogStats: UGameplayTagsManager::ConstructGameplayTagTree: ImportINI -  0.000 s
[2020.05.07-10.46.50:141][  0]LogStats: UGameplayTagsManager::ConstructGameplayTagTree: GameplayTagTreeChangedEvent.Broadcast -  0.000 s
[2020.05.07-10.46.50:151][  0]LogInit: Display: Starting Game.
[2020.05.07-10.46.50:151][  0]LogNet: Browse: /Game/Levels/NewMenu?Name=Player
[2020.05.07-10.46.50:151][  0]LogLoad: LoadMap: /Game/Levels/NewMenu?Name=Player
[2020.05.07-10.46.50:413][  0]LogAIModule: Creating AISystem for world NewMenu
[2020.05.07-10.46.50:413][  0]LogLoad: Game class is 'Test_GM_C'
[2020.05.07-10.46.50:455][  0]LogWorld: Bringing World /Game/Levels/NewMenu.NewMenu up for play (max tick rate 0) at 2020.05.07-11.46.50
[2020.05.07-10.46.50:456][  0]LogWorld: Bringing up level for play took: 0.042000
[2020.05.07-10.46.50:457][  0]LogGameMode: FindPlayerStart: PATHS NOT DEFINED or NO PLAYERSTART with positive rating
[2020.05.07-10.46.50:457][  0]LogSpawn: Warning: SpawnActor failed because no class was specified
[2020.05.07-10.46.50:461][  0]LogLoad: Took 0.309969 seconds to LoadMap(/Game/Levels/NewMenu)
[2020.05.07-10.46.50:571][  0]LogRenderer: Reallocating scene render targets to support 1280x720 Format 10 NumSamples 1 (Frame:1).
[2020.05.07-10.46.50:571][  0]LogLoad: (Engine Initialization) Total time: 4.89 seconds
[2020.05.07-10.46.50:571][  0]LogLoad: (Engine Initialization) Total Blueprint compile time: 0.00 seconds
[2020.05.07-10.46.50:621][  0]LogContentStreaming: Texture pool size now 1000 MB
[2020.05.07-10.46.50:622][  0]LogAudio: Warning: Detected orphaned looping sound 'mainmenucue'.
[2020.05.07-10.46.50:622][  0]LogSlate: FSceneViewport::OnFocusLost() reason 2
[2020.05.07-10.46.51:370][ 35]LogRenderer: Reallocating scene render targets to support 1920x1060 Format 10 NumSamples 1 (Frame:38).
[2020.05.07-10.46.52:638][111]LogRenderer: Reallocating scene render targets to support 1920x1080 Format 10 NumSamples 1 (Frame:114).
[2020.05.07-10.46.52:638][111]LogConfig: Applying CVar settings from Section [ViewDistanceQuality@3] File [C:/Users/mosne/Desktop/game jam/Hybrid-Games---Untitled-cybersled-game/Example project/Saved/Config/Windows/Scalability.ini]
[2020.05.07-10.46.52:638][111]LogConfig: Setting CVar [[r.SkeletalMeshLODBias:0]]
[2020.05.07-10.46.52:638][111]LogConfig: Setting CVar [[r.ViewDistanceScale:1.0]]
[2020.05.07-10.46.52:638][111]LogConfig: Applying CVar settings from Section [AntiAliasingQuality@3] File [C:/Users/mosne/Desktop/game jam/Hybrid-Games---Untitled-cybersled-game/Example project/Saved/Config/Windows/Scalability.ini]
[2020.05.07-10.46.52:638][111]LogConfig: Setting CVar [[r.PostProcessAAQuality:4]]
[2020.05.07-10.46.52:638][111]LogConfig: Applying CVar settings from Section [ShadowQuality@3] File [C:/Users/mosne/Desktop/game jam/Hybrid-Games---Untitled-cybersled-game/Example project/Saved/Config/Windows/Scalability.ini]
[2020.05.07-10.46.52:638][111]LogConfig: Setting CVar [[r.LightFunctionQuality:1]]
[2020.05.07-10.46.52:638][111]LogConfig: Setting CVar [[r.ShadowQuality:5]]
[2020.05.07-10.46.52:638][111]LogConfig: Setting CVar [[r.Shadow.CSM.MaxCascades:10]]
[2020.05.07-10.46.52:638][111]LogConfig: Setting CVar [[r.Shadow.MaxResolution:2048]]
[2020.05.07-10.46.52:638][111]LogConfig: Setting CVar [[r.Shadow.MaxCSMResolution:2048]]
[2020.05.07-10.46.52:638][111]LogConfig: Setting CVar [[r.Shadow.RadiusThreshold:0.01]]
[2020.05.07-10.46.52:638][111]LogConfig: Setting CVar [[r.Shadow.DistanceScale:1.0]]
[2020.05.07-10.46.52:638][111]LogConfig: Setting CVar [[r.Shadow.CSM.TransitionScale:1.0]]
[2020.05.07-10.46.52:638][111]LogConfig: Setting CVar [[r.Shadow.PreShadowResolutionFactor:1.0]]
[2020.05.07-10.46.52:638][111]LogConfig: Setting CVar [[r.DistanceFieldShadowing:1]]
[2020.05.07-10.46.52:638][111]LogConfig: Setting CVar [[r.DistanceFieldAO:1]]
[2020.05.07-10.46.52:638][111]LogConfig: Setting CVar [[r.AOQuality:2]]
[2020.05.07-10.46.52:638][111]LogConfig: Setting CVar [[r.VolumetricFog:1]]
[2020.05.07-10.46.52:638][111]LogConfig: Setting CVar [[r.VolumetricFog.GridPixelSize:8]]
[2020.05.07-10.46.52:638][111]LogConfig: Setting CVar [[r.VolumetricFog.GridSizeZ:128]]
[2020.05.07-10.46.52:638][111]LogConfig: Setting CVar [[r.VolumetricFog.HistoryMissSupersampleCount:4]]
[2020.05.07-10.46.52:638][111]LogConfig: Setting CVar [[r.LightMaxDrawDistanceScale:1]]
[2020.05.07-10.46.52:638][111]LogConfig: Setting CVar [[r.CapsuleShadows:1]]
[2020.05.07-10.46.52:638][111]LogConfig: Applying CVar settings from Section [PostProcessQuality@3] File [C:/Users/mosne/Desktop/game jam/Hybrid-Games---Untitled-cybersled-game/Example project/Saved/Config/Windows/Scalability.ini]
[2020.05.07-10.46.52:638][111]LogConfig: Setting CVar [[r.MotionBlurQuality:4]]
[2020.05.07-10.46.52:638][111]LogConfig: Setting CVar [[r.AmbientOcclusionMipLevelFactor:0.4]]
[2020.05.07-10.46.52:638][111]LogConfig: Setting CVar [[r.AmbientOcclusionMaxQuality:100]]
[2020.05.07-10.46.52:638][111]LogConfig: Setting CVar [[r.AmbientOcclusionLevels:-1]]
[2020.05.07-10.46.52:638][111]LogConfig: Setting CVar [[r.AmbientOcclusionRadiusScale:1.0]]
[2020.05.07-10.46.52:639][111]LogConfig: Setting CVar [[r.DepthOfFieldQuality:2]]
[2020.05.07-10.46.52:639][111]LogConfig: Setting CVar [[r.RenderTargetPoolMin:400]]
[2020.05.07-10.46.52:639][111]LogConfig: Setting CVar [[r.LensFlareQuality:2]]
[2020.05.07-10.46.52:639][111]LogConfig: Setting CVar [[r.SceneColorFringeQuality:1]]
[2020.05.07-10.46.52:639][111]LogConfig: Setting CVar [[r.EyeAdaptationQuality:2]]
[2020.05.07-10.46.52:639][111]LogConfig: Setting CVar [[r.BloomQuality:5]]
[2020.05.07-10.46.52:639][111]LogConfig: Setting CVar [[r.FastBlurThreshold:100]]
[2020.05.07-10.46.52:639][111]LogConfig: Setting CVar [[r.Upscale.Quality:3]]
[2020.05.07-10.46.52:639][111]LogConfig: Setting CVar [[r.Tonemapper.GrainQuantization:1]]
[2020.05.07-10.46.52:639][111]LogConfig: Setting CVar [[r.LightShaftQuality:1]]
[2020.05.07-10.46.52:639][111]LogConfig: Setting CVar [[r.Filter.SizeScale:1]]
[2020.05.07-10.46.52:639][111]LogConfig: Setting CVar [[r.Tonemapper.Quality:5]]
[2020.05.07-10.46.52:639][111]LogConfig: Setting CVar [[r.DOF.Gather.AccumulatorQuality:1        ; higher gathering accumulator quality]]
[2020.05.07-10.46.52:639][111]LogConfig: Setting CVar [[r.DOF.Gather.PostfilterMethod:1          ; Median3x3 postfilering method]]
[2020.05.07-10.46.52:639][111]LogConfig: Setting CVar [[r.DOF.Gather.EnableBokehSettings:0       ; no bokeh simulation when gathering]]
[2020.05.07-10.46.52:639][111]LogConfig: Setting CVar [[r.DOF.Gather.RingCount:4                 ; medium number of samples when gathering]]
[2020.05.07-10.46.52:639][111]LogConfig: Setting CVar [[r.DOF.Scatter.ForegroundCompositing:1    ; additive foreground scattering]]
[2020.05.07-10.46.52:639][111]LogConfig: Setting CVar [[r.DOF.Scatter.BackgroundCompositing:2    ; additive background scattering]]
[2020.05.07-10.46.52:639][111]LogConfig: Setting CVar [[r.DOF.Scatter.EnableBokehSettings:1      ; bokeh simulation when scattering]]
[2020.05.07-10.46.52:639][111]LogConfig: Setting CVar [[r.DOF.Scatter.MaxSpriteRatio:0.1         ; only a maximum of 10% of scattered bokeh]]
[2020.05.07-10.46.52:639][111]LogConfig: Setting CVar [[r.DOF.Recombine.Quality:1                ; cheap slight out of focus]]
[2020.05.07-10.46.52:639][111]LogConfig: Setting CVar [[r.DOF.Recombine.EnableBokehSettings:0    ; no bokeh simulation on slight out of focus]]
[2020.05.07-10.46.52:639][111]LogConfig: Setting CVar [[r.DOF.TemporalAAQuality:1                ; more stable temporal accumulation]]
[2020.05.07-10.46.52:639][111]LogConfig: Setting CVar [[r.DOF.Kernel.MaxForegroundRadius:0.025]]
[2020.05.07-10.46.52:639][111]LogConfig: Setting CVar [[r.DOF.Kernel.MaxBackgroundRadius:0.025]]
[2020.05.07-10.46.52:639][111]LogConfig: Applying CVar settings from Section [TextureQuality@3] File [C:/Users/mosne/Desktop/game jam/Hybrid-Games---Untitled-cybersled-game/Example project/Saved/Config/Windows/Scalability.ini]
[2020.05.07-10.46.52:639][111]LogConfig: Setting CVar [[r.Streaming.MipBias:0]]
[2020.05.07-10.46.52:639][111]LogConfig: Setting CVar [[r.Streaming.AmortizeCPUToGPUCopy:0]]
[2020.05.07-10.46.52:639][111]LogConfig: Setting CVar [[r.Streaming.MaxNumTexturesToStreamPerFrame:0]]
[2020.05.07-10.46.52:639][111]LogConfig: Setting CVar [[r.Streaming.Boost:1]]
[2020.05.07-10.46.52:639][111]LogConfig: Setting CVar [[r.MaxAnisotropy:8]]
[2020.05.07-10.46.52:639][111]LogConfig: Setting CVar [[r.Streaming.LimitPoolSizeToVRAM:0]]
[2020.05.07-10.46.52:639][111]LogConfig: Setting CVar [[r.Streaming.PoolSize:1000]]
[2020.05.07-10.46.52:639][111]LogConfig: Setting CVar [[r.Streaming.MaxEffectiveScreenSize:0]]
[2020.05.07-10.46.52:639][111]LogConfig: Applying CVar settings from Section [EffectsQuality@3] File [C:/Users/mosne/Desktop/game jam/Hybrid-Games---Untitled-cybersled-game/Example project/Saved/Config/Windows/Scalability.ini]
[2020.05.07-10.46.52:639][111]LogConfig: Setting CVar [[r.TranslucencyLightingVolumeDim:64]]
[2020.05.07-10.46.52:639][111]LogConfig: Setting CVar [[r.RefractionQuality:2]]
[2020.05.07-10.46.52:639][111]LogConfig: Setting CVar [[r.SSR.Quality:3]]
[2020.05.07-10.46.52:639][111]LogConfig: Setting CVar [[r.SceneColorFormat:4]]
[2020.05.07-10.46.52:639][111]LogConfig: Setting CVar [[r.DetailMode:2]]
[2020.05.07-10.46.52:639][111]LogConfig: Setting CVar [[r.TranslucencyVolumeBlur:1]]
[2020.05.07-10.46.52:639][111]LogConfig: Setting CVar [[r.MaterialQualityLevel:1 ; High quality]]
[2020.05.07-10.46.52:639][111]LogConfig: Setting CVar [[r.SSS.Scale:1]]
[2020.05.07-10.46.52:639][111]LogConfig: Setting CVar [[r.SSS.SampleSet:2]]
[2020.05.07-10.46.52:639][111]LogConfig: Setting CVar [[r.SSS.Quality:1]]
[2020.05.07-10.46.52:639][111]LogConfig: Setting CVar [[r.SSS.HalfRes:1]]
[2020.05.07-10.46.52:639][111]LogConfig: Setting CVar [[r.EmitterSpawnRateScale:1.0]]
[2020.05.07-10.46.52:639][111]LogConfig: Setting CVar [[r.ParticleLightQuality:2]]
[2020.05.07-10.46.52:639][111]LogConfig: Applying CVar settings from Section [FoliageQuality@3] File [C:/Users/mosne/Desktop/game jam/Hybrid-Games---Untitled-cybersled-game/Example project/Saved/Config/Windows/Scalability.ini]
[2020.05.07-10.46.52:639][111]LogConfig: Setting CVar [[foliage.DensityScale:1.0]]
[2020.05.07-10.46.52:639][111]LogConfig: Setting CVar [[grass.DensityScale:1.0]]
[2020.05.07-10.46.58:754][491]LogSlate: FSceneViewport::OnFocusLost() reason 0
[2020.05.07-10.47.03:179][760]LogPackageName: SearchForPackageOnDisk took   0.068s to resolve NextLevel.umap.
[2020.05.07-10.47.03:226][760]LogPackageName: SearchForPackageOnDisk took   0.047s to resolve NextLevel.umap.
[2020.05.07-10.47.03:227][760]LogNet: Browse: /Game/Levels/NextLevel
[2020.05.07-10.47.03:227][760]LogLoad: LoadMap: /Game/Levels/NextLevel
[2020.05.07-10.47.04:279][760]LogAIModule: Creating AISystem for world NextLevel
[2020.05.07-10.47.04:285][760]LogLoad: Game class is 'ThirdPersonGameMode_C'
[2020.05.07-10.47.04:288][760]LogWorld: Bringing World /Game/Levels/NextLevel.NextLevel up for play (max tick rate 0) at 2020.05.07-11.47.04
[2020.05.07-10.47.04:289][760]LogWorld: Bringing up level for play took: 0.003238
[2020.05.07-10.47.04:311][760]LogLoad: Took 1.085193 seconds to LoadMap(/Game/Levels/NextLevel)
[2020.05.07-10.47.04:314][761]LogAudio: Warning: Detected orphaned looping sound 'battleThemeCue'.
[2020.05.07-10.47.09:597][ 61]LogBlueprintUserMessages: [NewPawn_C_0] Boosting!
[2020.05.07-10.47.14:909][388]LogBlueprintUserMessages: [NewPawn_C_0] Boosting!
[2020.05.07-10.47.35:346][640]LogBlueprintUserMessages: [NewPawn_C_0] Boosting!
[2020.05.07-10.47.40:814][975]LogBlueprintUserMessages: [NewPawn_C_0] Boosting!
[2020.05.07-10.47.49:804][528]LogSlate: Window 'MyProject2 (64-bit Development PCD3D_SM5) ' being destroyed
[2020.05.07-10.47.49:807][528]LogWindowsTextInputMethodSystem: Display: IME system now deactivated.
[2020.05.07-10.47.49:820][528]LogWindowsTextInputMethodSystem: Display: IME system now deactivated.
[2020.05.07-10.47.49:824][528]LogSlate: Updating window title bar state: overlay mode, drag disabled, window buttons hidden, title bar hidden
[2020.05.07-10.47.49:824][528]LogEngine: All Windows Closed
[2020.05.07-10.47.49:824][528]LogWindows: FPlatformMisc::RequestExit(0)
[2020.05.07-10.47.50:757][529]LogExit: Preparing to exit.
[2020.05.07-10.47.50:757][529]LogMoviePlayer: Shutting down movie player
[2020.05.07-10.47.51:358][529]LogSlate: Updating window title bar state: overlay mode, drag disabled, window buttons hidden, title bar hidden
[2020.05.07-10.47.51:373][529]LogExit: Game engine shut down
[2020.05.07-10.47.51:427][529]LogExit: Object subsystem successfully closed.
[2020.05.07-10.47.51:445][529]LogShaderCompilers: Display: Shaders left to compile 0
[2020.05.07-10.47.51:447][529]LogD3D11RHI: Shutdown
[2020.05.07-10.47.51:447][529]LogD3D11RHI: CleanupD3DDevice
[2020.05.07-10.47.51:448][529]LogD3D11RHI: ~FD3D11DynamicRHI
[2020.05.07-10.47.51:453][529]LogModuleManager: Shutting down and abandoning module SequenceRecorderSections (392)
[2020.05.07-10.47.51:453][529]LogModuleManager: Shutting down and abandoning module SequenceRecorder (390)
[2020.05.07-10.47.51:453][529]LogModuleManager: Shutting down and abandoning module AutomationController (388)
[2020.05.07-10.47.51:453][529]LogModuleManager: Shutting down and abandoning module AutomationWorker (386)
[2020.05.07-10.47.51:453][529]LogModuleManager: Shutting down and abandoning module Voice (384)
[2020.05.07-10.47.51:453][529]LogModuleManager: Shutting down and abandoning module AIModule (382)
[2020.05.07-10.47.51:453][529]LogModuleManager: Shutting down and abandoning module GameplayDebugger (381)
[2020.05.07-10.47.51:454][529]LogModuleManager: Shutting down and abandoning module AITestSuite (379)
[2020.05.07-10.47.51:454][529]LogModuleManager: Shutting down and abandoning module NavigationSystem (377)
[2020.05.07-10.47.51:454][529]LogModuleManager: Shutting down and abandoning module WmfMediaFactory (374)
[2020.05.07-10.47.51:454][529]LogModuleManager: Shutting down and abandoning module WebMMediaFactory (372)
[2020.05.07-10.47.51:454][529]LogModuleManager: Shutting down and abandoning module WebMMedia (370)
[2020.05.07-10.47.51:454][529]LogModuleManager: Shutting down and abandoning module OpenExrWrapper (368)
[2020.05.07-10.47.51:454][529]LogModuleManager: Shutting down and abandoning module ImgMediaFactory (366)
[2020.05.07-10.47.51:454][529]LogModuleManager: Shutting down and abandoning module AvfMediaFactory (364)
[2020.05.07-10.47.51:454][529]LogModuleManager: Shutting down and abandoning module MagicLeapCameraPreviewFactory (362)
[2020.05.07-10.47.51:454][529]LogModuleManager: Shutting down and abandoning module MagicLeapMediaFactory (360)
[2020.05.07-10.47.51:454][529]LogModuleManager: Shutting down and abandoning module CharacterAI (358)
[2020.05.07-10.47.51:454][529]LogModuleManager: Shutting down and abandoning module SessionServices (356)
[2020.05.07-10.47.51:454][529]LogModuleManager: Shutting down and abandoning module MovieSceneCapture (354)
[2020.05.07-10.47.51:454][529]LogModuleManager: Shutting down and abandoning module MovieSceneTracks (352)
[2020.05.07-10.47.51:454][529]LogModuleManager: Shutting down and abandoning module MovieScene (350)
[2020.05.07-10.47.51:454][529]LogModuleManager: Shutting down and abandoning module StreamingPauseRendering (348)
[2020.05.07-10.47.51:454][529]LogModuleManager: Shutting down and abandoning module PortalServices (346)
[2020.05.07-10.47.51:454][529]LogModuleManager: Shutting down and abandoning module PortalRpc (344)
[2020.05.07-10.47.51:454][529]LogModuleManager: Shutting down and abandoning module MessagingRpc (342)
[2020.05.07-10.47.51:454][529]LogModuleManager: Shutting down and abandoning module ImageWriteQueue (340)
[2020.05.07-10.47.51:455][529]LogModuleManager: Shutting down and abandoning module ProfilerService (338)
[2020.05.07-10.47.51:502][529]LogModuleManager: Shutting down and abandoning module TaskGraph (336)
[2020.05.07-10.47.51:502][529]LogModuleManager: Shutting down and abandoning module SteamVRController (334)
[2020.05.07-10.47.51:502][529]LogModuleManager: Shutting down and abandoning module ProceduralMeshComponent (332)
[2020.05.07-10.47.51:502][529]LogModuleManager: Shutting down and abandoning module OculusInput (330)
[2020.05.07-10.47.51:502][529]LogModuleManager: Shutting down and abandoning module MobilePatchingUtils (328)
[2020.05.07-10.47.51:502][529]LogModuleManager: Shutting down and abandoning module EditableMesh (326)
[2020.05.07-10.47.51:502][529]LogModuleManager: Shutting down and abandoning module CustomMeshComponent (324)
[2020.05.07-10.47.51:502][529]LogModuleManager: Shutting down and abandoning module CableComponent (322)
[2020.05.07-10.47.51:502][529]LogModuleManager: Shutting down and abandoning module AudioCapture (320)
[2020.05.07-10.47.51:502][529]LogModuleManager: Shutting down and abandoning module ArchVisCharacter (318)
[2020.05.07-10.47.51:502][529]LogModuleManager: Shutting down and abandoning module AndroidPermission (316)
[2020.05.07-10.47.51:502][529]LogModuleManager: Shutting down and abandoning module NUTUnrealEngine4 (314)
[2020.05.07-10.47.51:502][529]LogModuleManager: Shutting down and abandoning module NetcodeUnitTest (312)
[2020.05.07-10.47.51:502][529]LogModuleManager: Shutting down and abandoning module MediaCompositing (310)
[2020.05.07-10.47.51:502][529]LogModuleManager: Shutting down and abandoning module LinearTimecode (308)
[2020.05.07-10.47.51:502][529]LogModuleManager: Shutting down and abandoning module ImgMedia (306)
[2020.05.07-10.47.51:504][529]LogModuleManager: Shutting down and abandoning module HTML5Networking (304)
[2020.05.07-10.47.51:504][529]LogModuleManager: Shutting down and abandoning module GeometryCacheTracks (302)
[2020.05.07-10.47.51:504][529]LogModuleManager: Shutting down and abandoning module GeometryCacheSequencer (301)
[2020.05.07-10.47.51:504][529]LogModuleManager: Shutting down and abandoning module GeometryCache (298)
[2020.05.07-10.47.51:504][529]LogModuleManager: Shutting down and abandoning module GeometryCacheEd (297)
[2020.05.07-10.47.51:504][529]LogModuleManager: Shutting down and abandoning module BackChannel (294)
[2020.05.07-10.47.51:504][529]LogModuleManager: Shutting down and abandoning module AppleVision (292)
[2020.05.07-10.47.51:504][529]LogModuleManager: Shutting down and abandoning module AppleImageUtilsBlueprintSupport (290)
[2020.05.07-10.47.51:504][529]LogModuleManager: Shutting down and abandoning module AppleImageUtils (288)
[2020.05.07-10.47.51:504][529]LogModuleManager: Shutting down and abandoning module VariantManagerContent (286)
[2020.05.07-10.47.51:504][529]LogModuleManager: Shutting down and abandoning module CryptoKeysOpenSSL (284)
[2020.05.07-10.47.51:504][529]LogModuleManager: Shutting down and abandoning module CryptoKeys (282)
[2020.05.07-10.47.51:504][529]LogModuleManager: Shutting down and abandoning module VisualStudioSourceCodeAccess (280)
[2020.05.07-10.47.51:504][529]LogModuleManager: Shutting down and abandoning module HotReload (279)
[2020.05.07-10.47.51:504][529]LogModuleManager: Shutting down and abandoning module VisualStudioCodeSourceCodeAccess (276)
[2020.05.07-10.47.51:504][529]LogModuleManager: Shutting down and abandoning module UObjectPlugin (274)
[2020.05.07-10.47.51:504][529]LogModuleManager: Shutting down and abandoning module SubversionSourceControl (272)
[2020.05.07-10.47.51:504][529]LogModuleManager: Shutting down and abandoning module PerforceSourceControl (270)
[2020.05.07-10.47.51:504][529]LogModuleManager: Shutting down and abandoning module SourceControl (269)
[2020.05.07-10.47.51:504][529]LogModuleManager: Shutting down and abandoning module CLionSourceCodeAccess (266)
[2020.05.07-10.47.51:504][529]LogModuleManager: Shutting down and abandoning module ActorLayerUtilities (264)
[2020.05.07-10.47.51:504][529]LogModuleManager: Shutting down and abandoning module RuntimePhysXCooking (262)
[2020.05.07-10.47.51:505][529]LogModuleManager: Shutting down and abandoning module PhysXVehiclesEditor (260)
[2020.05.07-10.47.51:505][529]LogModuleManager: Shutting down and abandoning module PhysXVehicles (258)
[2020.05.07-10.47.51:505][529]LogModuleManager: Shutting down and abandoning module LocationServicesBPLibrary (256)
[2020.05.07-10.47.51:505][529]LogModuleManager: Shutting down and abandoning module ApexDestructionEditor (254)
[2020.05.07-10.47.51:505][529]LogModuleManager: Shutting down and abandoning module ContentBrowser (253)
[2020.05.07-10.47.51:505][529]LogModuleManager: Shutting down and abandoning module CollectionManager (252)
[2020.05.07-10.47.51:505][529]LogModuleManager: Shutting down and abandoning module DirectoryWatcher (251)
[2020.05.07-10.47.51:505][529]LogModuleManager: Shutting down and abandoning module ApexDestruction (246)
[2020.05.07-10.47.51:505][529]LogModuleManager: Shutting down and abandoning module ActorSequence (244)
[2020.05.07-10.47.51:505][529]LogModuleManager: Shutting down and abandoning module UdpMessaging (242)
[2020.05.07-10.47.51:605][529]LogModuleManager: Shutting down and abandoning module TcpMessaging (240)
[2020.05.07-10.47.52:347][529]LogModuleManager: Shutting down and abandoning module SubstanceCore (238)
[2020.05.07-10.47.52:347][529]LogModuleManager: Shutting down and abandoning module MagicLeapAudio (236)
[2020.05.07-10.47.52:347][529]LogModuleManager: Shutting down and abandoning module GameplayTagsEditor (234)
[2020.05.07-10.47.52:347][529]LogModuleManager: Shutting down and abandoning module FacialAnimation (232)
[2020.05.07-10.47.52:347][529]LogModuleManager: Shutting down and abandoning module DataValidation (230)
[2020.05.07-10.47.52:347][529]LogModuleManager: Shutting down and abandoning module AssetManagerEditor (228)
[2020.05.07-10.47.52:347][529]LogModuleManager: Shutting down and abandoning module TreeMap (227)
[2020.05.07-10.47.52:347][529]LogModuleManager: Shutting down and abandoning module LightPropagationVolumeRuntime (224)
[2020.05.07-10.47.52:347][529]LogModuleManager: Shutting down and abandoning module AISupportModule (222)
[2020.05.07-10.47.52:347][529]LogModuleManager: Shutting down and abandoning module Paper2D (220)
[2020.05.07-10.47.52:347][529]LogModuleManager: Shutting down and abandoning module WindowsMoviePlayer (218)
[2020.05.07-10.47.52:347][529]LogModuleManager: Shutting down and abandoning module WebMMoviePlayer (216)
[2020.05.07-10.47.52:347][529]LogModuleManager: Shutting down and abandoning module WmfMedia (214)
[2020.05.07-10.47.52:348][529]LogModuleManager: Shutting down and abandoning module Media (213)
[2020.05.07-10.47.52:354][529]LogModuleManager: Shutting down and abandoning module PacketHandler (210)
[2020.05.07-10.47.52:354][529]LogModuleManager: Shutting down and abandoning module ClothingSystemEditor (208)
[2020.05.07-10.47.52:354][529]LogModuleManager: Shutting down and abandoning module ClothingSystemRuntime (206)
[2020.05.07-10.47.52:354][529]LogModuleManager: Shutting down and abandoning module MediaAssets (204)
[2020.05.07-10.47.52:354][529]LogModuleManager: Shutting down and abandoning module Overlay (202)
[2020.05.07-10.47.52:354][529]LogModuleManager: Shutting down and abandoning module OverlayEditor (201)
[2020.05.07-10.47.52:354][529]LogModuleManager: Shutting down and abandoning module VREditor (198)
[2020.05.07-10.47.52:354][529]LogModuleManager: Shutting down and abandoning module StringTableEditor (196)
[2020.05.07-10.47.52:354][529]LogModuleManager: Shutting down and abandoning module GameplayTasksEditor (194)
[2020.05.07-10.47.52:354][529]LogModuleManager: Shutting down and abandoning module BehaviorTreeEditor (192)
[2020.05.07-10.47.52:354][529]LogModuleManager: Shutting down and abandoning module FunctionalTesting (190)
[2020.05.07-10.47.52:354][529]LogModuleManager: Shutting down and abandoning module CollisionAnalyzer (188)
[2020.05.07-10.47.52:354][529]LogModuleManager: Shutting down and abandoning module WorkspaceMenuStructure (187)
[2020.05.07-10.47.52:354][529]LogModuleManager: Shutting down and abandoning module UMG (184)
[2020.05.07-10.47.52:354][529]LogModuleManager: Shutting down and abandoning module UMGEditor (183)
[2020.05.07-10.47.52:354][529]LogModuleManager: Shutting down and abandoning module Sequencer (182)
[2020.05.07-10.47.52:354][529]LogModuleManager: Shutting down and abandoning module MessageLog (179)
[2020.05.07-10.47.52:354][529]LogModuleManager: Shutting down and abandoning module SlateReflector (174)
[2020.05.07-10.47.52:354][529]LogModuleManager: Shutting down and abandoning module Slate (172)
[2020.05.07-10.47.52:354][529]LogModuleManager: Shutting down and abandoning module EditorStyle (170)
[2020.05.07-10.47.52:355][529]LogModuleManager: Shutting down and abandoning module MRMesh (168)
[2020.05.07-10.47.52:355][529]LogModuleManager: Shutting down and abandoning module Messaging (166)
[2020.05.07-10.47.52:355][529]LogModuleManager: Shutting down and abandoning module SourceCodeAccess (164)
[2020.05.07-10.47.52:355][529]LogModuleManager: Shutting down and abandoning module HeadMountedDisplay (162)
[2020.05.07-10.47.52:355][529]LogModuleManager: Shutting down and abandoning module XAudio2 (160)
[2020.05.07-10.47.52:355][529]LogModuleManager: Shutting down and abandoning module Networking (158)
[2020.05.07-10.47.52:355][529]LogModuleManager: Shutting down and abandoning module Core (156)
[2020.05.07-10.47.52:355][529]LogModuleManager: Shutting down and abandoning module LevelSequence (154)
[2020.05.07-10.47.52:355][529]LogModuleManager: Shutting down and abandoning module KismetCompiler (152)
[2020.05.07-10.47.52:355][529]LogModuleManager: Shutting down and abandoning module MeshUtilities (150)
[2020.05.07-10.47.52:356][529]LogModuleManager: Shutting down and abandoning module MeshMergeUtilities (149)
[2020.05.07-10.47.52:356][529]LogModuleManager: Shutting down and abandoning module MeshReductionInterface (148)
[2020.05.07-10.47.52:356][529]LogModuleManager: Shutting down and abandoning module SimplygonSwarm (147)
[2020.05.07-10.47.52:356][529]LogModuleManager: Shutting down and abandoning module ProxyLODMeshReduction (145)
[2020.05.07-10.47.52:356][529]LogModuleManager: Shutting down and abandoning module SimplygonMeshReduction (143)
[2020.05.07-10.47.52:356][529]LogModuleManager: Shutting down and abandoning module QuadricMeshReduction (141)
[2020.05.07-10.47.52:356][529]LogModuleManager: Shutting down and abandoning module MaterialBaking (137)
[2020.05.07-10.47.52:356][529]LogModuleManager: Shutting down and abandoning module PIEPreviewDeviceProfileSelector (132)
[2020.05.07-10.47.52:356][529]LogModuleManager: Shutting down and abandoning module DerivedDataCache (130)
[2020.05.07-10.47.52:574][529]LogDerivedDataCache: Shutdown
[2020.05.07-10.47.52:574][529]LogModuleManager: Shutting down and abandoning module XGEController (128)
[2020.05.07-10.47.52:574][529]LogModuleManager: Shutting down and abandoning module TargetPlatform (126)
[2020.05.07-10.47.52:574][529]LogModuleManager: Shutting down and abandoning module VulkanShaderFormat (125)
[2020.05.07-10.47.52:574][529]LogModuleManager: Shutting down and abandoning module ShaderFormatVectorVM (123)
[2020.05.07-10.47.52:574][529]LogModuleManager: Shutting down and abandoning module ShaderFormatOpenGL (121)
[2020.05.07-10.47.52:574][529]LogModuleManager: Shutting down and abandoning module ShaderFormatD3D (119)
[2020.05.07-10.47.52:574][529]LogModuleManager: Shutting down and abandoning module MetalShaderFormat (117)
[2020.05.07-10.47.52:574][529]LogModuleManager: Shutting down and abandoning module TextureFormatUncompressed (115)
[2020.05.07-10.47.52:574][529]LogModuleManager: Shutting down and abandoning module TextureFormatPVR (113)
[2020.05.07-10.47.52:574][529]LogModuleManager: Shutting down and abandoning module TextureFormatDXT (111)
[2020.05.07-10.47.52:574][529]LogModuleManager: Shutting down and abandoning module TextureFormatIntelISPCTexComp (109)
[2020.05.07-10.47.52:574][529]LogModuleManager: Shutting down and abandoning module TextureFormatASTC (107)
[2020.05.07-10.47.52:574][529]LogModuleManager: Shutting down and abandoning module ImageWrapper (106)
[2020.05.07-10.47.52:574][529]LogModuleManager: Shutting down and abandoning module TextureFormatAndroid (103)
[2020.05.07-10.47.52:574][529]LogModuleManager: Shutting down and abandoning module AudioFormatOpus (101)
[2020.05.07-10.47.52:574][529]LogModuleManager: Shutting down and abandoning module AudioFormatOgg (99)
[2020.05.07-10.47.52:575][529]LogModuleManager: Shutting down and abandoning module AudioFormatADPCM (97)
[2020.05.07-10.47.52:575][529]LogModuleManager: Shutting down and abandoning module WindowsTargetPlatform (95)
[2020.05.07-10.47.52:575][529]LogModuleManager: Shutting down and abandoning module WindowsServerTargetPlatform (93)
[2020.05.07-10.47.52:575][529]LogModuleManager: Shutting down and abandoning module WindowsNoEditorTargetPlatform (91)
[2020.05.07-10.47.52:575][529]LogModuleManager: Shutting down and abandoning module WindowsClientTargetPlatform (89)
[2020.05.07-10.47.52:575][529]LogModuleManager: Shutting down and abandoning module InputCore (86)
[2020.05.07-10.47.52:575][529]LogModuleManager: Shutting down and abandoning module Settings (84)
[2020.05.07-10.47.52:575][529]LogModuleManager: Shutting down and abandoning module PhysXCooking (82)
[2020.05.07-10.47.52:575][529]LogModuleManager: Shutting down and abandoning module SteamVR (80)
[2020.05.07-10.47.52:575][529]LogHMD: Freeing OpenVRDLLHandle.
[2020.05.07-10.47.52:575][529]LogModuleManager: Shutting down and abandoning module OculusHMD (78)
[2020.05.07-10.47.52:575][529]LogModuleManager: Shutting down and abandoning module ExampleDeviceProfileSelector (76)
[2020.05.07-10.47.52:575][529]LogModuleManager: Shutting down and abandoning module LauncherChunkInstaller (74)
[2020.05.07-10.47.52:575][529]LogModuleManager: Shutting down and abandoning module OnlineBlueprintSupport (72)
[2020.05.07-10.47.52:575][529]LogModuleManager: Shutting down and abandoning module OnlineSubsystem (68)
[2020.05.07-10.47.52:575][529]LogModuleManager: Shutting down and abandoning module XMPP (63)
[2020.05.07-10.47.52:575][529]LogModuleManager: Shutting down and abandoning module WebSockets (62)
[2020.05.07-10.47.52:583][529]LogModuleManager: Shutting down and abandoning module HTTP (59)
[2020.05.07-10.47.52:602][529]LogModuleManager: Shutting down and abandoning module SSL (58)
[2020.05.07-10.47.52:603][529]LogModuleManager: Shutting down and abandoning module MagicLeapIdentity (54)
[2020.05.07-10.47.52:603][529]LogModuleManager: Shutting down and abandoning module MagicLeapHelperVulkan (52)
[2020.05.07-10.47.52:603][529]LogModuleManager: Shutting down and abandoning module MagicLeapHelperOpenGL (50)
[2020.05.07-10.47.52:603][529]LogModuleManager: Shutting down and abandoning module MagicLeapSecureStorage (48)
[2020.05.07-10.47.52:603][529]LogModuleManager: Shutting down and abandoning module MagicLeapHandTracking (46)
[2020.05.07-10.47.52:603][529]LogModuleManager: Shutting down and abandoning module MagicLeapEyeTracker (44)
[2020.05.07-10.47.52:603][529]LogModuleManager: Shutting down and abandoning module MagicLeapController (42)
[2020.05.07-10.47.52:603][529]LogSlate: Slate User Destroyed.  User Index 0, Is Virtual User: 0
[2020.05.07-10.47.52:603][529]LogModuleManager: Shutting down and abandoning module MagicLeap (40)
[2020.05.07-10.47.52:603][529]LogModuleManager: Shutting down and abandoning module DatasmithContent (38)
[2020.05.07-10.47.52:604][529]LogModuleManager: Shutting down and abandoning module AnimationModifiers (36)
[2020.05.07-10.47.52:604][529]LogModuleManager: Shutting down and abandoning module PropertyEditor (35)
[2020.05.07-10.47.52:604][529]LogModuleManager: Shutting down and abandoning module AudioEditor (32)
[2020.05.07-10.47.52:604][529]LogModuleManager: Shutting down and abandoning module TextureCompressor (30)
[2020.05.07-10.47.52:604][529]LogModuleManager: Shutting down and abandoning module ShaderCore (28)
[2020.05.07-10.47.52:604][529]LogModuleManager: Shutting down and abandoning module Landscape (26)
[2020.05.07-10.47.52:604][529]LogModuleManager: Shutting down and abandoning module SlateRHIRenderer (24)
[2020.05.07-10.47.52:604][529]LogModuleManager: Shutting down and abandoning module OpenGLDrv (22)
[2020.05.07-10.47.52:604][529]LogModuleManager: Shutting down and abandoning module D3D11RHI (20)
[2020.05.07-10.47.52:604][529]LogModuleManager: Shutting down and abandoning module AnimGraphRuntime (18)
[2020.05.07-10.47.52:604][529]LogModuleManager: Shutting down and abandoning module Renderer (16)
[2020.05.07-10.47.52:604][529]LogModuleManager: Shutting down and abandoning module Engine (14)
[2020.05.07-10.47.52:604][529]LogModuleManager: Shutting down and abandoning module CoreUObject (12)
[2020.05.07-10.47.52:604][529]LogModuleManager: Shutting down and abandoning module NetworkFile (10)
[2020.05.07-10.47.52:604][529]LogModuleManager: Shutting down and abandoning module CookedIterativeFile (8)
[2020.05.07-10.47.52:604][529]LogModuleManager: Shutting down and abandoning module StreamingFile (6)
[2020.05.07-10.47.52:604][529]LogModuleManager: Shutting down and abandoning module SandboxFile (4)
[2020.05.07-10.47.52:604][529]LogModuleManager: Shutting down and abandoning module PakFile (2)
[2020.05.07-10.47.52:607][529]LogExit: Exiting.
[2020.05.07-10.47.52:611][529]Log file closed, 05/07/20 11:47:52
